<?xml version="1.0" encoding="UTF-8"?>
<!-- Generated by org.testng.reporters.JUnitReportReporter -->
<testsuite hostname="DESKTOP-F6AS0GD" name="il.co.jb.ebay.auto.tests.SearchTests.BasicSearchTest" tests="1" failures="0" timestamp="29 Jun 2019 18:34:29 GMT" time="15.420" errors="0">
  <testcase name="test_1_BasicSearchTest" time="15.420" classname="il.co.jb.ebay.auto.tests.SearchTests.BasicSearchTest"/>
</testsuite> <!-- il.co.jb.ebay.auto.tests.SearchTests.BasicSearchTest -->
