<?xml version="1.0" encoding="UTF-8"?>
<!-- Generated by org.testng.reporters.JUnitReportReporter -->
<testsuite hostname="DESKTOP-F6AS0GD" name="il.co.jb.ebay.auto.tests.LoginTests" tests="3" failures="0" timestamp="12 Jun 2019 22:13:47 GMT" time="21.007" errors="0">
  <testcase name="test4_InsertOnlyUserName" time="1.123" classname="il.co.jb.ebay.auto.tests.LoginTests"/>
  <testcase name="test2_InsertOnlyUserName" time="13.668" classname="il.co.jb.ebay.auto.tests.LoginTests"/>
  <testcase name="test3_InsertOnlyPassword" time="6.216" classname="il.co.jb.ebay.auto.tests.LoginTests"/>
</testsuite> <!-- il.co.jb.ebay.auto.tests.LoginTests -->
