<?xml version="1.0" encoding="UTF-8"?>
<!-- Generated by org.testng.reporters.JUnitReportReporter -->
<testsuite hostname="DESKTOP-F6AS0GD" name="il.co.jb.ebay.auto.tests.LoginTests" tests="5" failures="0" timestamp="25 Jun 2019 13:00:18 GMT" time="31.280" errors="0">
  <testcase name="test_2_InsertOnlyUserName" time="8.367" classname="il.co.jb.ebay.auto.tests.LoginTests"/>
  <testcase name="test_3_InsertOnlyPassword" time="9.882" classname="il.co.jb.ebay.auto.tests.LoginTests"/>
  <testcase name="test_4_WrongUserName" time="5.288" classname="il.co.jb.ebay.auto.tests.LoginTests"/>
  <testcase name="test_5_WrongPassword" time="4.906" classname="il.co.jb.ebay.auto.tests.LoginTests"/>
  <testcase name="test_6_StaySignedIn" time="2.837" classname="il.co.jb.ebay.auto.tests.LoginTests"/>
</testsuite> <!-- il.co.jb.ebay.auto.tests.LoginTests -->
