<?xml version="1.0" encoding="UTF-8"?>
<!-- Generated by org.testng.reporters.JUnitReportReporter -->
<testsuite hostname="DESKTOP-F6AS0GD" name="il.co.jb.ebay.auto.tests.LoginTests" tests="1" failures="0" timestamp="27 Jun 2019 18:04:28 GMT" time="13.181" errors="0">
  <testcase name="test_1_BasicLogin" time="13.181" classname="il.co.jb.ebay.auto.tests.LoginTests"/>
</testsuite> <!-- il.co.jb.ebay.auto.tests.LoginTests -->
